Week1-workspace/HelloAndroid/build/outputs/logs/manifest-merger-debug-report.txt
-- Merging decision tree log ---
manifest
ADDED from Week1-workspace\HelloAndroid\AndroidManifest.xml:2:1-27:12
	package
		ADDED from Week1-workspace\HelloAndroid\AndroidManifest.xml:3:5-43
	android:versionName
		ADDED from Week1-workspace\HelloAndroid\AndroidManifest.xml:5:5-30
		INJECTED from Week1-workspace\HelloAndroid\AndroidManifest.xml
		INJECTED from Week1-workspace\HelloAndroid\AndroidManifest.xml
	android:versionCode
		ADDED from Week1-workspace\HelloAndroid\AndroidManifest.xml:4:5-28
		INJECTED from Week1-workspace\HelloAndroid\AndroidManifest.xml
		INJECTED from Week1-workspace\HelloAndroid\AndroidManifest.xml
	xmlns:android
		ADDED from Week1-workspace\HelloAndroid\AndroidManifest.xml:2:11-69
uses-sdk
ADDED from Week1-workspace\HelloAndroid\AndroidManifest.xml:7:5-9:41
	android:targetSdkVersion
		ADDED from Week1-workspace\HelloAndroid\AndroidManifest.xml:9:9-38
	android:minSdkVersion
		ADDED from Week1-workspace\HelloAndroid\AndroidManifest.xml:8:9-34
application
ADDED from Week1-workspace\HelloAndroid\AndroidManifest.xml:11:5-25:19
	android:label
		ADDED from Week1-workspace\HelloAndroid\AndroidManifest.xml:14:9-41
	android:allowBackup
		ADDED from Week1-workspace\HelloAndroid\AndroidManifest.xml:12:9-35
	android:icon
		ADDED from Week1-workspace\HelloAndroid\AndroidManifest.xml:13:9-45
	android:theme
		ADDED from Week1-workspace\HelloAndroid\AndroidManifest.xml:15:9-40
activity#course.examples.helloandroid.MainActivity
ADDED from Week1-workspace\HelloAndroid\AndroidManifest.xml:16:9-24:20
	android:label
		ADDED from Week1-workspace\HelloAndroid\AndroidManifest.xml:18:13-45
	android:name
		ADDED from Week1-workspace\HelloAndroid\AndroidManifest.xml:17:13-69
intent-filter#android.intent.action.MAIN+android.intent.category.LAUNCHER
ADDED from Week1-workspace\HelloAndroid\AndroidManifest.xml:19:13-23:29
action#android.intent.action.MAIN
ADDED from Week1-workspace\HelloAndroid\AndroidManifest.xml:20:17-69
	android:name
		ADDED from Week1-workspace\HelloAndroid\AndroidManifest.xml:20:25-66
category#android.intent.category.LAUNCHER
ADDED from Week1-workspace\HelloAndroid\AndroidManifest.xml:22:17-77
	android:name
		ADDED from Week1-workspace\HelloAndroid\AndroidManifest.xml:22:27-74